[2024-07-06 07:15:08] log.INFO: Entry: shops: get all shops information [] []
[2024-07-06 07:15:08] log.INFO: Msg: DB connected [] []
[2024-07-06 07:15:08] log.INFO: Msg: DB connection closed [] []
[2024-07-06 07:15:08] log.INFO: SQL execute SQL #0: SQL execute OK! |  [] []
[2024-07-06 07:15:12] log.INFO: Entry: POST: Login [] []
[2024-07-06 07:15:12] log.INFO: Msg: DB connected [] []
[2024-07-06 07:15:12] log.INFO: Msg: check time diff [] []
[2024-07-06 07:15:12] log.INFO: Msg: DB connection closed [] []
[2024-07-06 07:15:12] log.INFO: SQL execute SQL #0: SQL execute OK! | SQL #1: SQL execute OK! |  [] []
[2024-07-06 07:15:12] log.INFO: Entry: GET: Login [] []
[2024-07-06 07:15:12] log.INFO: Msg: DB connected [] []
[2024-07-06 07:15:12] log.INFO: Msg: DB connection closed [] []
[2024-07-06 07:15:12] log.INFO: SQL execute SQL #0: SQL execute OK! | SQL #1: SQL execute OK! |  [] []
[2024-07-06 07:15:12] log.INFO: Entry: purchases: get header [] []
[2024-07-06 07:15:12] log.INFO: Msg: DB connected [] []
[2024-07-06 07:15:12] log.INFO: Msg: DB connection closed [] []
[2024-07-06 07:15:12] log.INFO: SQL execute SQL #0: SQL execute OK! | SQL #1: SQL execute OK! | SQL #2: SQL execute OK! |  [] []
[2024-07-06 07:15:12] log.INFO: Entry: GET: Customers [] []
[2024-07-06 07:15:12] log.INFO: Msg: DB connected [] []
[2024-07-06 07:15:12] log.INFO: Msg: DB connection closed [] []
[2024-07-06 07:15:12] log.INFO: SQL execute SQL #0: SQL execute OK! |  [] []
[2024-07-06 07:15:13] log.INFO: Entry: paymentmethod: get all paymentmethod [] []
[2024-07-06 07:15:13] log.INFO: Msg: DB connected [] []
[2024-07-06 07:15:13] log.INFO: Msg: DB connection closed [] []
[2024-07-06 07:15:13] log.INFO: SQL execute SQL #0: SQL execute OK! |  [] []
[2024-07-06 07:15:13] log.INFO: Entry: paymentterms: get all paymentterms [] []
[2024-07-06 07:15:13] log.INFO: Msg: DB connected [] []
[2024-07-06 07:15:13] log.INFO: Msg: DB connection closed [] []
[2024-07-06 07:15:13] log.INFO: SQL execute SQL #0: SQL execute OK! |  [] []
[2024-07-06 07:34:56] log.INFO: Entry: GET: Login [] []
[2024-07-06 07:34:56] log.INFO: Msg: DB connected [] []
[2024-07-06 07:34:56] log.INFO: Msg: DB connection closed [] []
[2024-07-06 07:34:56] log.INFO: SQL execute SQL #0: SQL execute OK! | SQL #1: SQL execute OK! |  [] []
[2024-07-06 07:34:56] log.INFO: Entry: purchases: get header [] []
[2024-07-06 07:34:56] log.INFO: Msg: DB connected [] []
[2024-07-06 07:34:56] log.INFO: Msg: DB connection closed [] []
[2024-07-06 07:34:56] log.INFO: SQL execute SQL #0: SQL execute OK! | SQL #1: SQL execute OK! | SQL #2: SQL execute OK! |  [] []
[2024-07-06 07:34:56] log.INFO: Entry: GET: Customer with cust_code [] []
[2024-07-06 07:34:56] log.INFO: Msg: DB connected [] []
[2024-07-06 07:34:56] log.INFO: Msg: DB connection closed [] []
[2024-07-06 07:34:56] log.INFO: SQL execute SQL #0: SQL execute OK! |  [] []
[2024-07-06 07:34:56] log.INFO: Entry: paymentmethod: get all paymentmethod [] []
[2024-07-06 07:34:56] log.INFO: Msg: DB connected [] []
[2024-07-06 07:34:56] log.INFO: Msg: DB connection closed [] []
[2024-07-06 07:34:56] log.INFO: SQL execute SQL #0: SQL execute OK! |  [] []
[2024-07-06 07:34:56] log.INFO: Entry: paymentterms: get all paymentterms [] []
[2024-07-06 07:34:56] log.INFO: Msg: DB connected [] []
[2024-07-06 07:34:56] log.INFO: Msg: DB connection closed [] []
[2024-07-06 07:34:56] log.INFO: SQL execute SQL #0: SQL execute OK! |  [] []
[2024-07-06 07:34:57] log.INFO: Entry: GET: Login [] []
[2024-07-06 07:34:57] log.INFO: Msg: DB connected [] []
[2024-07-06 07:34:57] log.INFO: Msg: DB connection closed [] []
[2024-07-06 07:34:57] log.INFO: SQL execute SQL #0: SQL execute OK! | SQL #1: SQL execute OK! |  [] []
[2024-07-06 07:34:57] log.INFO: Entry: purchases: get header [] []
[2024-07-06 07:34:57] log.INFO: Msg: DB connected [] []
[2024-07-06 07:34:57] log.INFO: Msg: DB connection closed [] []
[2024-07-06 07:34:57] log.INFO: SQL execute SQL #0: SQL execute OK! | SQL #1: SQL execute OK! | SQL #2: SQL execute OK! |  [] []
[2024-07-06 07:34:58] log.INFO: Entry: GET: Customer with cust_code [] []
[2024-07-06 07:34:58] log.INFO: Msg: DB connected [] []
[2024-07-06 07:34:58] log.INFO: Msg: DB connection closed [] []
[2024-07-06 07:34:58] log.INFO: SQL execute SQL #0: SQL execute OK! |  [] []
[2024-07-06 07:34:58] log.INFO: Entry: paymentmethod: get all paymentmethod [] []
[2024-07-06 07:34:58] log.INFO: Msg: DB connected [] []
[2024-07-06 07:34:58] log.INFO: Msg: DB connection closed [] []
[2024-07-06 07:34:58] log.INFO: SQL execute SQL #0: SQL execute OK! |  [] []
[2024-07-06 07:34:58] log.INFO: Entry: paymentterms: get all paymentterms [] []
[2024-07-06 07:34:58] log.INFO: Msg: DB connected [] []
[2024-07-06 07:34:58] log.INFO: Msg: DB connection closed [] []
[2024-07-06 07:34:58] log.INFO: SQL execute SQL #0: SQL execute OK! |  [] []
[2024-07-06 07:35:02] log.INFO: Entry: GET: Login [] []
[2024-07-06 07:35:02] log.INFO: Msg: DB connected [] []
[2024-07-06 07:35:02] log.INFO: Msg: DB connection closed [] []
[2024-07-06 07:35:02] log.INFO: SQL execute SQL #0: SQL execute OK! | SQL #1: SQL execute OK! |  [] []
[2024-07-06 07:35:02] log.INFO: Entry: purchases: get header [] []
[2024-07-06 07:35:02] log.INFO: Msg: DB connected [] []
[2024-07-06 07:35:02] log.INFO: Msg: DB connection closed [] []
[2024-07-06 07:35:02] log.INFO: SQL execute SQL #0: SQL execute OK! | SQL #1: SQL execute OK! | SQL #2: SQL execute OK! |  [] []
[2024-07-06 07:35:02] log.INFO: Entry: PATCH: Customers [] []
[2024-07-06 07:35:02] log.INFO: Msg: DB connected [] []
[2024-07-06 07:35:02] log.INFO: Msg: DB commit [] []
[2024-07-06 07:35:02] log.INFO: Msg: DB connection closed [] []
[2024-07-06 07:35:02] log.INFO: SQL execute SQL #0: SQL execute OK! | SQL #1: SQL execute OK! |  [] []
[2024-07-06 07:35:03] log.INFO: Entry: GET: Login [] []
[2024-07-06 07:35:03] log.INFO: Msg: DB connected [] []
[2024-07-06 07:35:03] log.INFO: Msg: DB connection closed [] []
[2024-07-06 07:35:03] log.INFO: SQL execute SQL #0: SQL execute OK! | SQL #1: SQL execute OK! |  [] []
[2024-07-06 07:35:03] log.INFO: Entry: purchases: get header [] []
[2024-07-06 07:35:03] log.INFO: Msg: DB connected [] []
[2024-07-06 07:35:03] log.INFO: Msg: DB connection closed [] []
[2024-07-06 07:35:03] log.INFO: SQL execute SQL #0: SQL execute OK! | SQL #1: SQL execute OK! | SQL #2: SQL execute OK! |  [] []
[2024-07-06 07:35:03] log.INFO: Entry: GET: Customer with cust_code [] []
[2024-07-06 07:35:03] log.INFO: Msg: DB connected [] []
[2024-07-06 07:35:03] log.INFO: Msg: DB connection closed [] []
[2024-07-06 07:35:03] log.INFO: SQL execute SQL #0: SQL execute OK! |  [] []
[2024-07-06 07:35:03] log.INFO: Entry: paymentmethod: get all paymentmethod [] []
[2024-07-06 07:35:03] log.INFO: Msg: DB connected [] []
[2024-07-06 07:35:03] log.INFO: Msg: DB connection closed [] []
[2024-07-06 07:35:03] log.INFO: SQL execute SQL #0: SQL execute OK! |  [] []
[2024-07-06 07:35:03] log.INFO: Entry: paymentterms: get all paymentterms [] []
[2024-07-06 07:35:03] log.INFO: Msg: DB connected [] []
[2024-07-06 07:35:03] log.INFO: Msg: DB connection closed [] []
[2024-07-06 07:35:03] log.INFO: SQL execute SQL #0: SQL execute OK! |  [] []
[2024-07-06 07:35:04] log.INFO: Entry: GET: Login [] []
[2024-07-06 07:35:04] log.INFO: Msg: DB connected [] []
[2024-07-06 07:35:04] log.INFO: Msg: DB connection closed [] []
[2024-07-06 07:35:04] log.INFO: SQL execute SQL #0: SQL execute OK! | SQL #1: SQL execute OK! |  [] []
[2024-07-06 07:35:04] log.INFO: Entry: purchases: get header [] []
[2024-07-06 07:35:04] log.INFO: Msg: DB connected [] []
[2024-07-06 07:35:04] log.INFO: Msg: DB connection closed [] []
[2024-07-06 07:35:04] log.INFO: SQL execute SQL #0: SQL execute OK! | SQL #1: SQL execute OK! | SQL #2: SQL execute OK! |  [] []
[2024-07-06 07:35:04] log.INFO: Entry: GET: Customers [] []
[2024-07-06 07:35:04] log.INFO: Msg: DB connected [] []
[2024-07-06 07:35:04] log.INFO: Msg: DB connection closed [] []
[2024-07-06 07:35:04] log.INFO: SQL execute SQL #0: SQL execute OK! |  [] []
[2024-07-06 07:35:04] log.INFO: Entry: paymentmethod: get all paymentmethod [] []
[2024-07-06 07:35:04] log.INFO: Msg: DB connected [] []
[2024-07-06 07:35:04] log.INFO: Msg: DB connection closed [] []
[2024-07-06 07:35:04] log.INFO: SQL execute SQL #0: SQL execute OK! |  [] []
[2024-07-06 07:35:04] log.INFO: Entry: paymentterms: get all paymentterms [] []
[2024-07-06 07:35:04] log.INFO: Msg: DB connected [] []
[2024-07-06 07:35:04] log.INFO: Msg: DB connection closed [] []
[2024-07-06 07:35:04] log.INFO: SQL execute SQL #0: SQL execute OK! |  [] []
[2024-07-06 07:35:07] log.INFO: Entry: GET: Login [] []
[2024-07-06 07:35:07] log.INFO: Msg: DB connected [] []
[2024-07-06 07:35:07] log.INFO: Msg: DB connection closed [] []
[2024-07-06 07:35:07] log.INFO: SQL execute SQL #0: SQL execute OK! | SQL #1: SQL execute OK! |  [] []
[2024-07-06 07:35:07] log.INFO: Entry: purchases: get header [] []
[2024-07-06 07:35:07] log.INFO: Msg: DB connected [] []
[2024-07-06 07:35:07] log.INFO: Msg: DB connection closed [] []
[2024-07-06 07:35:07] log.INFO: SQL execute SQL #0: SQL execute OK! | SQL #1: SQL execute OK! | SQL #2: SQL execute OK! |  [] []
[2024-07-06 07:35:07] log.INFO: Entry: invoices: check custommer by cust_code has transaction_h exist [] []
[2024-07-06 07:35:07] log.INFO: Msg: DB connected [] []
[2024-07-06 07:35:07] log.INFO: Msg: DB connection closed [] []
[2024-07-06 07:35:07] log.INFO: SQL execute SQL #0: SQL execute OK! |  [] []
[2024-07-06 07:35:08] log.INFO: Entry: GET: Login [] []
[2024-07-06 07:35:08] log.INFO: Msg: DB connected [] []
[2024-07-06 07:35:08] log.INFO: Msg: DB connection closed [] []
[2024-07-06 07:35:08] log.INFO: SQL execute SQL #0: SQL execute OK! | SQL #1: SQL execute OK! |  [] []
[2024-07-06 07:35:08] log.INFO: Entry: purchases: get header [] []
[2024-07-06 07:35:08] log.INFO: Msg: DB connected [] []
[2024-07-06 07:35:08] log.INFO: Msg: DB connection closed [] []
[2024-07-06 07:35:08] log.INFO: SQL execute SQL #0: SQL execute OK! | SQL #1: SQL execute OK! | SQL #2: SQL execute OK! |  [] []
[2024-07-06 07:35:08] log.INFO: Entry: GET: Customers [] []
[2024-07-06 07:35:08] log.INFO: Msg: DB connected [] []
[2024-07-06 07:35:08] log.INFO: Msg: DB connection closed [] []
[2024-07-06 07:35:08] log.INFO: SQL execute SQL #0: SQL execute OK! |  [] []
[2024-07-06 07:35:08] log.INFO: Entry: paymentmethod: get all paymentmethod [] []
[2024-07-06 07:35:08] log.INFO: Msg: DB connected [] []
[2024-07-06 07:35:08] log.INFO: Msg: DB connection closed [] []
[2024-07-06 07:35:08] log.INFO: SQL execute SQL #0: SQL execute OK! |  [] []
[2024-07-06 07:35:08] log.INFO: Entry: paymentterms: get all paymentterms [] []
[2024-07-06 07:35:08] log.INFO: Msg: DB connected [] []
[2024-07-06 07:35:08] log.INFO: Msg: DB connection closed [] []
[2024-07-06 07:35:08] log.INFO: SQL execute SQL #0: SQL execute OK! |  [] []
[2024-07-06 07:35:10] log.INFO: Entry: GET: Login [] []
[2024-07-06 07:35:10] log.INFO: Msg: DB connected [] []
[2024-07-06 07:35:10] log.INFO: Msg: DB connection closed [] []
[2024-07-06 07:35:10] log.INFO: SQL execute SQL #0: SQL execute OK! | SQL #1: SQL execute OK! |  [] []
[2024-07-06 07:35:10] log.INFO: Entry: purchases: get header [] []
[2024-07-06 07:35:10] log.INFO: Msg: DB connected [] []
[2024-07-06 07:35:10] log.INFO: Msg: DB connection closed [] []
[2024-07-06 07:35:10] log.INFO: SQL execute SQL #0: SQL execute OK! | SQL #1: SQL execute OK! | SQL #2: SQL execute OK! |  [] []
[2024-07-06 07:35:10] log.INFO: Entry: GET: Customer with cust_code [] []
[2024-07-06 07:35:10] log.INFO: Msg: DB connected [] []
[2024-07-06 07:35:10] log.INFO: Msg: DB connection closed [] []
[2024-07-06 07:35:10] log.INFO: SQL execute SQL #0: SQL execute OK! |  [] []
[2024-07-06 07:35:10] log.INFO: Entry: paymentmethod: get all paymentmethod [] []
[2024-07-06 07:35:10] log.INFO: Msg: DB connected [] []
[2024-07-06 07:35:10] log.INFO: Msg: DB connection closed [] []
[2024-07-06 07:35:10] log.INFO: SQL execute SQL #0: SQL execute OK! |  [] []
[2024-07-06 07:35:10] log.INFO: Entry: paymentterms: get all paymentterms [] []
[2024-07-06 07:35:10] log.INFO: Msg: DB connected [] []
[2024-07-06 07:35:10] log.INFO: Msg: DB connection closed [] []
[2024-07-06 07:35:10] log.INFO: SQL execute SQL #0: SQL execute OK! |  [] []
[2024-07-06 07:35:11] log.INFO: Entry: GET: Login [] []
[2024-07-06 07:35:11] log.INFO: Msg: DB connected [] []
[2024-07-06 07:35:11] log.INFO: Msg: DB connection closed [] []
[2024-07-06 07:35:11] log.INFO: SQL execute SQL #0: SQL execute OK! | SQL #1: SQL execute OK! |  [] []
[2024-07-06 07:35:11] log.INFO: Entry: purchases: get header [] []
[2024-07-06 07:35:11] log.INFO: Msg: DB connected [] []
[2024-07-06 07:35:11] log.INFO: Msg: DB connection closed [] []
[2024-07-06 07:35:11] log.INFO: SQL execute SQL #0: SQL execute OK! | SQL #1: SQL execute OK! | SQL #2: SQL execute OK! |  [] []
[2024-07-06 07:35:11] log.INFO: Entry: GET: Customer with cust_code [] []
[2024-07-06 07:35:11] log.INFO: Msg: DB connected [] []
[2024-07-06 07:35:11] log.INFO: Msg: DB connection closed [] []
[2024-07-06 07:35:11] log.INFO: SQL execute SQL #0: SQL execute OK! |  [] []
[2024-07-06 07:35:11] log.INFO: Entry: paymentmethod: get all paymentmethod [] []
[2024-07-06 07:35:11] log.INFO: Msg: DB connected [] []
[2024-07-06 07:35:11] log.INFO: Msg: DB connection closed [] []
[2024-07-06 07:35:11] log.INFO: SQL execute SQL #0: SQL execute OK! |  [] []
[2024-07-06 07:35:11] log.INFO: Entry: paymentterms: get all paymentterms [] []
[2024-07-06 07:35:11] log.INFO: Msg: DB connected [] []
[2024-07-06 07:35:11] log.INFO: Msg: DB connection closed [] []
[2024-07-06 07:35:11] log.INFO: SQL execute SQL #0: SQL execute OK! |  [] []
[2024-07-06 07:35:14] log.INFO: Entry: GET: Login [] []
[2024-07-06 07:35:14] log.INFO: Msg: DB connected [] []
[2024-07-06 07:35:14] log.INFO: Msg: DB connection closed [] []
[2024-07-06 07:35:14] log.INFO: SQL execute SQL #0: SQL execute OK! | SQL #1: SQL execute OK! |  [] []
[2024-07-06 07:35:14] log.INFO: Entry: purchases: get header [] []
[2024-07-06 07:35:14] log.INFO: Msg: DB connected [] []
[2024-07-06 07:35:14] log.INFO: Msg: DB connection closed [] []
[2024-07-06 07:35:14] log.INFO: SQL execute SQL #0: SQL execute OK! | SQL #1: SQL execute OK! | SQL #2: SQL execute OK! |  [] []
[2024-07-06 07:35:15] log.INFO: Entry: PATCH: Customers [] []
[2024-07-06 07:35:15] log.INFO: Msg: DB connected [] []
[2024-07-06 07:35:15] log.INFO: Msg: DB commit [] []
[2024-07-06 07:35:15] log.INFO: Msg: DB connection closed [] []
[2024-07-06 07:35:15] log.INFO: SQL execute SQL #0: SQL execute OK! | SQL #1: SQL execute OK! |  [] []
[2024-07-06 07:35:16] log.INFO: Entry: GET: Login [] []
[2024-07-06 07:35:16] log.INFO: Msg: DB connected [] []
[2024-07-06 07:35:16] log.INFO: Msg: DB connection closed [] []
[2024-07-06 07:35:16] log.INFO: SQL execute SQL #0: SQL execute OK! | SQL #1: SQL execute OK! |  [] []
[2024-07-06 07:35:16] log.INFO: Entry: purchases: get header [] []
[2024-07-06 07:35:16] log.INFO: Msg: DB connected [] []
[2024-07-06 07:35:16] log.INFO: Msg: DB connection closed [] []
[2024-07-06 07:35:16] log.INFO: SQL execute SQL #0: SQL execute OK! | SQL #1: SQL execute OK! | SQL #2: SQL execute OK! |  [] []
[2024-07-06 07:35:16] log.INFO: Entry: GET: Customer with cust_code [] []
[2024-07-06 07:35:16] log.INFO: Msg: DB connected [] []
[2024-07-06 07:35:16] log.INFO: Msg: DB connection closed [] []
[2024-07-06 07:35:16] log.INFO: SQL execute SQL #0: SQL execute OK! |  [] []
[2024-07-06 07:35:16] log.INFO: Entry: paymentmethod: get all paymentmethod [] []
[2024-07-06 07:35:16] log.INFO: Msg: DB connected [] []
[2024-07-06 07:35:16] log.INFO: Msg: DB connection closed [] []
[2024-07-06 07:35:16] log.INFO: SQL execute SQL #0: SQL execute OK! |  [] []
[2024-07-06 07:35:16] log.INFO: Entry: paymentterms: get all paymentterms [] []
[2024-07-06 07:35:16] log.INFO: Msg: DB connected [] []
[2024-07-06 07:35:16] log.INFO: Msg: DB connection closed [] []
[2024-07-06 07:35:16] log.INFO: SQL execute SQL #0: SQL execute OK! |  [] []
[2024-07-06 07:35:32] log.INFO: Entry: GET: Login [] []
[2024-07-06 07:35:32] log.INFO: Msg: DB connected [] []
[2024-07-06 07:35:32] log.INFO: Msg: DB connection closed [] []
[2024-07-06 07:35:32] log.INFO: SQL execute SQL #0: SQL execute OK! | SQL #1: SQL execute OK! |  [] []
[2024-07-06 07:35:32] log.INFO: Entry: purchases: get header [] []
[2024-07-06 07:35:32] log.INFO: Msg: DB connected [] []
[2024-07-06 07:35:32] log.INFO: Msg: DB connection closed [] []
[2024-07-06 07:35:32] log.INFO: SQL execute SQL #0: SQL execute OK! | SQL #1: SQL execute OK! | SQL #2: SQL execute OK! |  [] []
[2024-07-06 07:35:32] log.INFO: Entry: paymentmethod: get all paymentmethod [] []
[2024-07-06 07:35:32] log.INFO: Msg: DB connected [] []
[2024-07-06 07:35:32] log.INFO: Msg: DB connection closed [] []
[2024-07-06 07:35:32] log.INFO: SQL execute SQL #0: SQL execute OK! |  [] []
[2024-07-06 07:35:32] log.INFO: Entry: paymentterms: get all paymentterms [] []
[2024-07-06 07:35:32] log.INFO: Msg: DB connected [] []
[2024-07-06 07:35:32] log.INFO: Msg: DB connection closed [] []
[2024-07-06 07:35:32] log.INFO: SQL execute SQL #0: SQL execute OK! |  [] []
[2024-07-06 07:35:33] log.INFO: Entry: GET: Login [] []
[2024-07-06 07:35:33] log.INFO: Msg: DB connected [] []
[2024-07-06 07:35:33] log.INFO: Msg: DB connection closed [] []
[2024-07-06 07:35:33] log.INFO: SQL execute SQL #0: SQL execute OK! | SQL #1: SQL execute OK! |  [] []
[2024-07-06 07:35:33] log.INFO: Entry: purchases: get header [] []
[2024-07-06 07:35:33] log.INFO: Msg: DB connected [] []
[2024-07-06 07:35:33] log.INFO: Msg: DB connection closed [] []
[2024-07-06 07:35:33] log.INFO: SQL execute SQL #0: SQL execute OK! | SQL #1: SQL execute OK! | SQL #2: SQL execute OK! |  [] []
[2024-07-06 07:35:33] log.INFO: Entry: GET: Customers [] []
[2024-07-06 07:35:33] log.INFO: Msg: DB connected [] []
[2024-07-06 07:35:33] log.INFO: Msg: DB connection closed [] []
[2024-07-06 07:35:33] log.INFO: SQL execute SQL #0: SQL execute OK! |  [] []
[2024-07-06 07:35:33] log.INFO: Entry: paymentmethod: get all paymentmethod [] []
[2024-07-06 07:35:33] log.INFO: Msg: DB connected [] []
[2024-07-06 07:35:33] log.INFO: Msg: DB connection closed [] []
[2024-07-06 07:35:33] log.INFO: SQL execute SQL #0: SQL execute OK! |  [] []
[2024-07-06 07:35:33] log.INFO: Entry: paymentterms: get all paymentterms [] []
[2024-07-06 07:35:33] log.INFO: Msg: DB connected [] []
[2024-07-06 07:35:33] log.INFO: Msg: DB connection closed [] []
[2024-07-06 07:35:33] log.INFO: SQL execute SQL #0: SQL execute OK! |  [] []
[2024-07-06 07:35:34] log.INFO: Entry: GET: Login [] []
[2024-07-06 07:35:34] log.INFO: Msg: DB connected [] []
[2024-07-06 07:35:34] log.INFO: Msg: DB connection closed [] []
[2024-07-06 07:35:34] log.INFO: SQL execute SQL #0: SQL execute OK! | SQL #1: SQL execute OK! |  [] []
[2024-07-06 07:35:34] log.INFO: Entry: purchases: get header [] []
[2024-07-06 07:35:34] log.INFO: Msg: DB connected [] []
[2024-07-06 07:35:34] log.INFO: Msg: DB connection closed [] []
[2024-07-06 07:35:34] log.INFO: SQL execute SQL #0: SQL execute OK! | SQL #1: SQL execute OK! | SQL #2: SQL execute OK! |  [] []
[2024-07-06 07:35:34] log.INFO: Entry: paymentmethod: get all paymentmethod [] []
[2024-07-06 07:35:34] log.INFO: Msg: DB connected [] []
[2024-07-06 07:35:34] log.INFO: Msg: DB connection closed [] []
[2024-07-06 07:35:34] log.INFO: SQL execute SQL #0: SQL execute OK! |  [] []
[2024-07-06 07:35:34] log.INFO: Entry: paymentterms: get all paymentterms [] []
[2024-07-06 07:35:34] log.INFO: Msg: DB connected [] []
[2024-07-06 07:35:34] log.INFO: Msg: DB connection closed [] []
[2024-07-06 07:35:34] log.INFO: SQL execute SQL #0: SQL execute OK! |  [] []
[2024-07-06 07:35:35] log.INFO: Entry: GET: Login [] []
[2024-07-06 07:35:35] log.INFO: Msg: DB connected [] []
[2024-07-06 07:35:35] log.INFO: Msg: DB connection closed [] []
[2024-07-06 07:35:35] log.INFO: SQL execute SQL #0: SQL execute OK! | SQL #1: SQL execute OK! |  [] []
[2024-07-06 07:35:35] log.INFO: Entry: purchases: get header [] []
[2024-07-06 07:35:35] log.INFO: Msg: DB connected [] []
[2024-07-06 07:35:35] log.INFO: Msg: DB connection closed [] []
[2024-07-06 07:35:35] log.INFO: SQL execute SQL #0: SQL execute OK! | SQL #1: SQL execute OK! | SQL #2: SQL execute OK! |  [] []
[2024-07-06 07:35:35] log.INFO: Entry: purchases: check supplier by supp_code has transaction_h exist [] []
[2024-07-06 07:35:35] log.INFO: Msg: DB connected [] []
[2024-07-06 07:35:35] log.INFO: SQL: SELECT * FROM `t_transaction_h` where supp_code = 'S00005' AND prefix = 'PO'; [] []
[2024-07-06 07:35:35] log.INFO: Msg: DB connection closed [] []
[2024-07-06 07:35:35] log.INFO: SQL execute SQL #0: SQL execute OK! |  [] []
[2024-07-06 07:35:36] log.INFO: Entry: GET: Login [] []
[2024-07-06 07:35:36] log.INFO: Msg: DB connected [] []
[2024-07-06 07:35:36] log.INFO: Msg: DB connection closed [] []
[2024-07-06 07:35:36] log.INFO: SQL execute SQL #0: SQL execute OK! | SQL #1: SQL execute OK! |  [] []
[2024-07-06 07:35:36] log.INFO: Entry: purchases: get header [] []
[2024-07-06 07:35:36] log.INFO: Msg: DB connected [] []
[2024-07-06 07:35:36] log.INFO: Msg: DB connection closed [] []
[2024-07-06 07:35:36] log.INFO: SQL execute SQL #0: SQL execute OK! | SQL #1: SQL execute OK! | SQL #2: SQL execute OK! |  [] []
[2024-07-06 07:35:36] log.INFO: Entry: paymentmethod: get all paymentmethod [] []
[2024-07-06 07:35:36] log.INFO: Msg: DB connected [] []
[2024-07-06 07:35:36] log.INFO: Msg: DB connection closed [] []
[2024-07-06 07:35:36] log.INFO: SQL execute SQL #0: SQL execute OK! |  [] []
[2024-07-06 07:35:36] log.INFO: Entry: paymentterms: get all paymentterms [] []
[2024-07-06 07:35:36] log.INFO: Msg: DB connected [] []
[2024-07-06 07:35:36] log.INFO: Msg: DB connection closed [] []
[2024-07-06 07:35:36] log.INFO: SQL execute SQL #0: SQL execute OK! |  [] []
[2024-07-06 07:35:38] log.INFO: Entry: GET: Login [] []
[2024-07-06 07:35:38] log.INFO: Msg: DB connected [] []
[2024-07-06 07:35:38] log.INFO: Msg: DB connection closed [] []
[2024-07-06 07:35:38] log.INFO: SQL execute SQL #0: SQL execute OK! | SQL #1: SQL execute OK! |  [] []
[2024-07-06 07:35:38] log.INFO: Entry: purchases: get header [] []
[2024-07-06 07:35:38] log.INFO: Msg: DB connected [] []
[2024-07-06 07:35:38] log.INFO: Msg: DB connection closed [] []
[2024-07-06 07:35:38] log.INFO: SQL execute SQL #0: SQL execute OK! | SQL #1: SQL execute OK! | SQL #2: SQL execute OK! |  [] []
[2024-07-06 07:35:38] log.INFO: Entry: paymentmethod: get all paymentmethod [] []
[2024-07-06 07:35:38] log.INFO: Msg: DB connected [] []
[2024-07-06 07:35:38] log.INFO: Msg: DB connection closed [] []
[2024-07-06 07:35:38] log.INFO: SQL execute SQL #0: SQL execute OK! |  [] []
[2024-07-06 07:35:38] log.INFO: Entry: paymentterms: get all paymentterms [] []
[2024-07-06 07:35:38] log.INFO: Msg: DB connected [] []
[2024-07-06 07:35:38] log.INFO: Msg: DB connection closed [] []
[2024-07-06 07:35:38] log.INFO: SQL execute SQL #0: SQL execute OK! |  [] []
[2024-07-06 07:35:41] log.INFO: Entry: GET: Login [] []
[2024-07-06 07:35:41] log.INFO: Msg: DB connected [] []
[2024-07-06 07:35:41] log.INFO: Msg: DB connection closed [] []
[2024-07-06 07:35:41] log.INFO: SQL execute SQL #0: SQL execute OK! | SQL #1: SQL execute OK! |  [] []
[2024-07-06 07:35:41] log.INFO: Entry: purchases: get header [] []
[2024-07-06 07:35:41] log.INFO: Msg: DB connected [] []
[2024-07-06 07:35:41] log.INFO: Msg: DB connection closed [] []
[2024-07-06 07:35:41] log.INFO: SQL execute SQL #0: SQL execute OK! | SQL #1: SQL execute OK! | SQL #2: SQL execute OK! |  [] []
[2024-07-06 07:35:41] log.INFO: Entry: paymentmethod: get all paymentmethod [] []
[2024-07-06 07:35:41] log.INFO: Msg: DB connected [] []
[2024-07-06 07:35:41] log.INFO: Msg: DB connection closed [] []
[2024-07-06 07:35:41] log.INFO: SQL execute SQL #0: SQL execute OK! |  [] []
[2024-07-06 07:35:41] log.INFO: Entry: paymentterms: get all paymentterms [] []
[2024-07-06 07:35:41] log.INFO: Msg: DB connected [] []
[2024-07-06 07:35:41] log.INFO: Msg: DB connection closed [] []
[2024-07-06 07:35:41] log.INFO: SQL execute SQL #0: SQL execute OK! |  [] []
[2024-07-06 07:35:45] log.INFO: Entry: GET: Login [] []
[2024-07-06 07:35:45] log.INFO: Msg: DB connected [] []
[2024-07-06 07:35:45] log.INFO: Msg: DB connection closed [] []
[2024-07-06 07:35:45] log.INFO: SQL execute SQL #0: SQL execute OK! | SQL #1: SQL execute OK! |  [] []
[2024-07-06 07:35:45] log.INFO: Entry: purchases: get header [] []
[2024-07-06 07:35:45] log.INFO: Msg: DB connected [] []
[2024-07-06 07:35:45] log.INFO: Msg: DB connection closed [] []
[2024-07-06 07:35:45] log.INFO: SQL execute SQL #0: SQL execute OK! | SQL #1: SQL execute OK! | SQL #2: SQL execute OK! |  [] []
[2024-07-06 07:35:45] log.INFO: Entry: GET: Customers [] []
[2024-07-06 07:35:45] log.INFO: Msg: DB connected [] []
[2024-07-06 07:35:45] log.INFO: Msg: DB connection closed [] []
[2024-07-06 07:35:45] log.INFO: SQL execute SQL #0: SQL execute OK! |  [] []
[2024-07-06 07:35:45] log.INFO: Entry: paymentmethod: get all paymentmethod [] []
[2024-07-06 07:35:45] log.INFO: Msg: DB connected [] []
[2024-07-06 07:35:45] log.INFO: Msg: DB connection closed [] []
[2024-07-06 07:35:45] log.INFO: SQL execute SQL #0: SQL execute OK! |  [] []
[2024-07-06 07:35:45] log.INFO: Entry: paymentterms: get all paymentterms [] []
[2024-07-06 07:35:45] log.INFO: Msg: DB connected [] []
[2024-07-06 07:35:45] log.INFO: Msg: DB connection closed [] []
[2024-07-06 07:35:45] log.INFO: SQL execute SQL #0: SQL execute OK! |  [] []
[2024-07-07 17:07:13] log.INFO: Entry: shops: get all shops information [] []
[2024-07-07 17:07:13] log.INFO: Msg: DB connected [] []
[2024-07-07 17:07:13] log.INFO: Msg: DB connection closed [] []
[2024-07-07 17:07:13] log.INFO: SQL execute SQL #0: SQL execute OK! |  [] []
[2024-07-12 01:29:29] log.INFO: Entry: shops: get all shops information [] []
[2024-07-12 01:29:29] log.INFO: Msg: DB connected [] []
[2024-07-12 01:29:29] log.INFO: Msg: DB connection closed [] []
[2024-07-12 01:29:29] log.INFO: SQL execute SQL #0: SQL execute OK! |  [] []
[2024-07-12 01:29:34] log.INFO: Entry: POST: Login [] []
[2024-07-12 01:29:34] log.INFO: Msg: DB connected [] []
[2024-07-12 01:29:34] log.INFO: Msg: check time diff [] []
[2024-07-12 01:29:34] log.INFO: Msg: DB connection closed [] []
[2024-07-12 01:29:34] log.INFO: SQL execute SQL #0: SQL execute OK! | SQL #1: SQL execute OK! |  [] []
[2024-07-12 01:29:34] log.INFO: Entry: GET: Login [] []
[2024-07-12 01:29:34] log.INFO: Msg: DB connected [] []
[2024-07-12 01:29:34] log.INFO: Msg: DB connection closed [] []
[2024-07-12 01:29:34] log.INFO: SQL execute SQL #0: SQL execute OK! | SQL #1: SQL execute OK! |  [] []
[2024-07-12 01:29:34] log.INFO: Entry: invoices: get header [] []
[2024-07-12 01:29:34] log.INFO: Msg: DB connected [] []
[2024-07-12 01:29:34] log.INFO: Msg: DB connection closed [] []
[2024-07-12 01:29:34] log.INFO: SQL execute SQL #0: SQL execute OK! | SQL #1: SQL execute OK! | SQL #2: SQL execute OK! | SQL #3: SQL execute OK! | SQL #4: SQL execute OK! |  [] []
[2024-07-12 01:29:34] log.INFO: Entry: invoices: get count [] []
[2024-07-12 01:29:34] log.INFO: Msg: DB connected [] []
[2024-07-12 01:29:34] log.INFO: Msg: DB connection closed [] []
[2024-07-12 01:29:34] log.INFO: SQL execute SQL #0: SQL execute OK! |  [] []
[2024-07-12 01:29:34] log.INFO: Entry: purchases: get count [] []
[2024-07-12 01:29:34] log.INFO: Msg: DB connected [] []
[2024-07-12 01:29:34] log.INFO: Msg: DB connection closed [] []
[2024-07-12 01:29:34] log.INFO: SQL execute SQL #0: SQL execute OK! |  [] []
[2024-07-12 01:29:39] log.INFO: Entry: shops: get all shops information [] []
[2024-07-12 01:29:39] log.INFO: Msg: DB connected [] []
[2024-07-12 01:29:39] log.INFO: Msg: DB connection closed [] []
[2024-07-12 01:29:39] log.INFO: SQL execute SQL #0: SQL execute OK! |  [] []
[2024-07-12 01:29:45] log.INFO: Entry: POST: Login [] []
[2024-07-12 01:29:45] log.INFO: Msg: DB connected [] []
[2024-07-12 01:29:45] log.INFO: Msg: check: 0 [] []
[2024-07-12 01:29:45] log.INFO: Entry: shops: get all shops information [] []
[2024-07-12 01:29:45] log.INFO: Msg: DB connected [] []
[2024-07-12 01:29:45] log.INFO: Msg: DB connection closed [] []
[2024-07-12 01:29:45] log.INFO: SQL execute SQL #0: SQL execute OK! |  [] []
[2024-07-12 01:29:50] log.INFO: Entry: POST: Login [] []
[2024-07-12 01:29:50] log.INFO: Msg: DB connected [] []
[2024-07-12 01:29:50] log.INFO: Msg: check time diff [] []
[2024-07-12 01:29:50] log.INFO: Msg: DB connection closed [] []
[2024-07-12 01:29:50] log.INFO: SQL execute SQL #0: SQL execute OK! | SQL #1: SQL execute OK! |  [] []
[2024-07-12 01:29:50] log.INFO: Entry: GET: Login [] []
[2024-07-12 01:29:50] log.INFO: Msg: DB connected [] []
[2024-07-12 01:29:50] log.INFO: Msg: DB connection closed [] []
[2024-07-12 01:29:50] log.INFO: SQL execute SQL #0: SQL execute OK! | SQL #1: SQL execute OK! |  [] []
[2024-07-12 01:29:50] log.INFO: Entry: invoices: get header [] []
[2024-07-12 01:29:50] log.INFO: Msg: DB connected [] []
[2024-07-12 01:29:50] log.INFO: Msg: DB connection closed [] []
[2024-07-12 01:29:50] log.INFO: SQL execute SQL #0: SQL execute OK! | SQL #1: SQL execute OK! | SQL #2: SQL execute OK! | SQL #3: SQL execute OK! | SQL #4: SQL execute OK! |  [] []
[2024-07-12 01:29:50] log.INFO: Entry: invoices: get count [] []
[2024-07-12 01:29:50] log.INFO: Msg: DB connected [] []
[2024-07-12 01:29:50] log.INFO: Msg: DB connection closed [] []
[2024-07-12 01:29:50] log.INFO: SQL execute SQL #0: SQL execute OK! |  [] []
[2024-07-12 01:29:50] log.INFO: Entry: purchases: get count [] []
[2024-07-12 01:29:50] log.INFO: Msg: DB connected [] []
[2024-07-12 01:29:50] log.INFO: Msg: DB connection closed [] []
[2024-07-12 01:29:50] log.INFO: SQL execute SQL #0: SQL execute OK! |  [] []
[2024-07-12 01:30:04] log.INFO: Entry: GET: Login [] []
[2024-07-12 01:30:04] log.INFO: Msg: DB connected [] []
[2024-07-12 01:30:04] log.INFO: Msg: DB connection closed [] []
[2024-07-12 01:30:04] log.INFO: SQL execute SQL #0: SQL execute OK! | SQL #1: SQL execute OK! |  [] []
[2024-07-12 01:30:04] log.INFO: Entry: purchases: get header [] []
[2024-07-12 01:30:04] log.INFO: Msg: DB connected [] []
[2024-07-12 01:30:04] log.INFO: Msg: DB connection closed [] []
[2024-07-12 01:30:04] log.INFO: SQL execute SQL #0: SQL execute OK! | SQL #1: SQL execute OK! | SQL #2: SQL execute OK! |  [] []
[2024-07-12 01:30:04] log.INFO: Entry: paymentmethod: get all paymentmethod [] []
[2024-07-12 01:30:04] log.INFO: Msg: DB connected [] []
[2024-07-12 01:30:04] log.INFO: Msg: DB connection closed [] []
[2024-07-12 01:30:04] log.INFO: SQL execute SQL #0: SQL execute OK! |  [] []
[2024-07-12 01:30:04] log.INFO: Entry: paymentterms: get all paymentterms [] []
[2024-07-12 01:30:04] log.INFO: Msg: DB connected [] []
[2024-07-12 01:30:04] log.INFO: Msg: DB connection closed [] []
[2024-07-12 01:30:04] log.INFO: SQL execute SQL #0: SQL execute OK! |  [] []
[2024-07-12 01:30:07] log.INFO: Entry: GET: Login [] []
[2024-07-12 01:30:07] log.INFO: Msg: DB connected [] []
[2024-07-12 01:30:07] log.INFO: Msg: DB connection closed [] []
[2024-07-12 01:30:07] log.INFO: SQL execute SQL #0: SQL execute OK! | SQL #1: SQL execute OK! |  [] []
[2024-07-12 01:30:07] log.INFO: Entry: purchases: get header [] []
[2024-07-12 01:30:07] log.INFO: Msg: DB connected [] []
[2024-07-12 01:30:07] log.INFO: Msg: DB connection closed [] []
[2024-07-12 01:30:07] log.INFO: SQL execute SQL #0: SQL execute OK! | SQL #1: SQL execute OK! | SQL #2: SQL execute OK! |  [] []
[2024-07-12 01:30:07] log.INFO: Entry: GET: Customers [] []
[2024-07-12 01:30:07] log.INFO: Msg: DB connected [] []
[2024-07-12 01:30:07] log.INFO: Msg: DB connection closed [] []
[2024-07-12 01:30:07] log.INFO: SQL execute SQL #0: SQL execute OK! |  [] []
[2024-07-12 01:30:07] log.INFO: Entry: paymentmethod: get all paymentmethod [] []
[2024-07-12 01:30:07] log.INFO: Msg: DB connected [] []
[2024-07-12 01:30:07] log.INFO: Msg: DB connection closed [] []
[2024-07-12 01:30:07] log.INFO: SQL execute SQL #0: SQL execute OK! |  [] []
[2024-07-12 01:30:07] log.INFO: Entry: paymentterms: get all paymentterms [] []
[2024-07-12 01:30:07] log.INFO: Msg: DB connected [] []
[2024-07-12 01:30:07] log.INFO: Msg: DB connection closed [] []
[2024-07-12 01:30:07] log.INFO: SQL execute SQL #0: SQL execute OK! |  [] []
[2024-07-12 01:55:35] log.INFO: Entry: GET: Login [] []
[2024-07-12 01:55:35] log.INFO: Msg: DB connected [] []
[2024-07-12 01:55:35] log.INFO: Msg: DB connection closed [] []
[2024-07-12 01:55:35] log.INFO: SQL execute SQL #0: SQL execute OK! | SQL #1: SQL execute OK! |  [] []
[2024-07-12 01:55:35] log.INFO: Entry: purchases: get header [] []
[2024-07-12 01:55:35] log.INFO: Msg: DB connected [] []
[2024-07-12 01:55:35] log.INFO: Msg: DB connection closed [] []
[2024-07-12 01:55:35] log.INFO: SQL execute SQL #0: SQL execute OK! | SQL #1: SQL execute OK! | SQL #2: SQL execute OK! |  [] []
[2024-07-12 01:55:35] log.INFO: Entry: GET: Customer with cust_code [] []
[2024-07-12 01:55:35] log.INFO: Msg: DB connected [] []
[2024-07-12 01:55:35] log.INFO: Msg: DB connection closed [] []
[2024-07-12 01:55:35] log.INFO: SQL execute SQL #0: SQL execute OK! |  [] []
[2024-07-12 01:55:35] log.INFO: Entry: paymentmethod: get all paymentmethod [] []
[2024-07-12 01:55:35] log.INFO: Msg: DB connected [] []
[2024-07-12 01:55:35] log.INFO: Msg: DB connection closed [] []
[2024-07-12 01:55:35] log.INFO: SQL execute SQL #0: SQL execute OK! |  [] []
[2024-07-12 01:55:35] log.INFO: Entry: paymentterms: get all paymentterms [] []
[2024-07-12 01:55:35] log.INFO: Msg: DB connected [] []
[2024-07-12 01:55:35] log.INFO: Msg: DB connection closed [] []
[2024-07-12 01:55:35] log.INFO: SQL execute SQL #0: SQL execute OK! |  [] []
[2024-07-12 01:55:42] log.INFO: Entry: GET: Login [] []
[2024-07-12 01:55:42] log.INFO: Msg: DB connected [] []
[2024-07-12 01:55:42] log.INFO: Msg: DB connection closed [] []
[2024-07-12 01:55:42] log.INFO: SQL execute SQL #0: SQL execute OK! | SQL #1: SQL execute OK! |  [] []
[2024-07-12 01:55:42] log.INFO: Entry: invoices: get header [] []
[2024-07-12 01:55:42] log.INFO: Msg: DB connected [] []
[2024-07-12 01:55:42] log.INFO: Msg: DB connection closed [] []
[2024-07-12 01:55:42] log.INFO: SQL execute SQL #0: SQL execute OK! | SQL #1: SQL execute OK! | SQL #2: SQL execute OK! | SQL #3: SQL execute OK! | SQL #4: SQL execute OK! |  [] []
[2024-07-12 01:55:45] log.INFO: Entry: GET: Login [] []
[2024-07-12 01:55:45] log.INFO: Msg: DB connected [] []
[2024-07-12 01:55:45] log.INFO: Msg: DB connection closed [] []
[2024-07-12 01:55:45] log.INFO: SQL execute SQL #0: SQL execute OK! | SQL #1: SQL execute OK! |  [] []
[2024-07-12 01:55:45] log.INFO: Entry: purchases: get header [] []
[2024-07-12 01:55:45] log.INFO: Msg: DB connected [] []
[2024-07-12 01:55:45] log.INFO: Msg: DB connection closed [] []
[2024-07-12 01:55:45] log.INFO: SQL execute SQL #0: SQL execute OK! | SQL #1: SQL execute OK! | SQL #2: SQL execute OK! |  [] []
[2024-07-12 01:55:45] log.INFO: Entry: employees: get all employee [] []
[2024-07-12 01:55:45] log.INFO: Msg: DB connection closed [] []
[2024-07-12 01:55:45] log.INFO: SQL execute SQL #0: SQL execute OK! |  [] []
[2024-07-12 01:55:45] log.INFO: Entry: Employee: Get Roles [] []
[2024-07-12 01:55:45] log.INFO: Msg: DB connection closed [] []
[2024-07-12 01:55:45] log.INFO: SQL execute SQL #0: SQL execute OK! |  [] []
[2024-07-12 01:55:45] log.INFO: Entry: shops: get all shops information [] []
[2024-07-12 01:55:45] log.INFO: Msg: DB connected [] []
[2024-07-12 01:55:45] log.INFO: Msg: DB connection closed [] []
[2024-07-12 01:55:45] log.INFO: SQL execute SQL #0: SQL execute OK! |  [] []
[2024-07-12 01:56:05] log.INFO: Entry: GET: Login [] []
[2024-07-12 01:56:05] log.INFO: Msg: DB connected [] []
[2024-07-12 01:56:05] log.INFO: Msg: DB connection closed [] []
[2024-07-12 01:56:05] log.INFO: SQL execute SQL #0: SQL execute OK! | SQL #1: SQL execute OK! |  [] []
[2024-07-12 01:56:05] log.INFO: Entry: purchases: get header [] []
[2024-07-12 01:56:05] log.INFO: Msg: DB connected [] []
[2024-07-12 01:56:05] log.INFO: Msg: DB connection closed [] []
[2024-07-12 01:56:05] log.INFO: SQL execute SQL #0: SQL execute OK! | SQL #1: SQL execute OK! | SQL #2: SQL execute OK! |  [] []
[2024-07-12 01:56:05] log.INFO: Entry: Employee: Get employee info by emp_code [] []
[2024-07-12 01:56:05] log.INFO: Msg: DB connection closed [] []
[2024-07-12 01:56:05] log.INFO: SQL execute SQL #0: SQL execute OK! |  [] []
[2024-07-12 01:56:05] log.INFO: Entry: Employee: Get Roles [] []
[2024-07-12 01:56:05] log.INFO: Msg: DB connection closed [] []
[2024-07-12 01:56:05] log.INFO: SQL execute SQL #0: SQL execute OK! |  [] []
[2024-07-12 01:56:05] log.INFO: Entry: shops: get all shops information [] []
[2024-07-12 01:56:05] log.INFO: Msg: DB connected [] []
[2024-07-12 01:56:05] log.INFO: Msg: DB connection closed [] []
[2024-07-12 01:56:05] log.INFO: SQL execute SQL #0: SQL execute OK! |  [] []
[2024-07-12 01:56:12] log.INFO: Entry: GET: Login [] []
[2024-07-12 01:56:12] log.INFO: Msg: DB connected [] []
[2024-07-12 01:56:12] log.INFO: Msg: DB connection closed [] []
[2024-07-12 01:56:12] log.INFO: SQL execute SQL #0: SQL execute OK! | SQL #1: SQL execute OK! |  [] []
[2024-07-12 01:56:12] log.INFO: Entry: purchases: get header [] []
[2024-07-12 01:56:12] log.INFO: Msg: DB connected [] []
[2024-07-12 01:56:12] log.INFO: Msg: DB connection closed [] []
[2024-07-12 01:56:12] log.INFO: SQL execute SQL #0: SQL execute OK! | SQL #1: SQL execute OK! | SQL #2: SQL execute OK! |  [] []
[2024-07-12 01:56:12] log.INFO: Entry: Employee: Patch employee [] []
[2024-07-12 01:56:12] log.INFO: Msg: DB connection closed [] []
[2024-07-12 01:56:12] log.INFO: SQL execute SQL #0: SQL execute OK! |  [] []
[2024-07-12 01:56:13] log.INFO: Entry: GET: Login [] []
[2024-07-12 01:56:13] log.INFO: Msg: DB connected [] []
[2024-07-12 01:56:13] log.INFO: Msg: DB connection closed [] []
[2024-07-12 01:56:13] log.INFO: SQL execute SQL #0: SQL execute OK! | SQL #1: SQL execute OK! |  [] []
[2024-07-12 01:56:13] log.INFO: Entry: purchases: get header [] []
[2024-07-12 01:56:13] log.INFO: Msg: DB connected [] []
[2024-07-12 01:56:13] log.INFO: Msg: DB connection closed [] []
[2024-07-12 01:56:13] log.INFO: SQL execute SQL #0: SQL execute OK! | SQL #1: SQL execute OK! | SQL #2: SQL execute OK! |  [] []
[2024-07-12 01:56:13] log.INFO: Entry: employees: get all employee [] []
[2024-07-12 01:56:13] log.INFO: Msg: DB connection closed [] []
[2024-07-12 01:56:13] log.INFO: SQL execute SQL #0: SQL execute OK! |  [] []
[2024-07-12 01:56:13] log.INFO: Entry: Employee: Get Roles [] []
[2024-07-12 01:56:13] log.INFO: Msg: DB connection closed [] []
[2024-07-12 01:56:13] log.INFO: SQL execute SQL #0: SQL execute OK! |  [] []
[2024-07-12 01:56:13] log.INFO: Entry: shops: get all shops information [] []
[2024-07-12 01:56:13] log.INFO: Msg: DB connected [] []
[2024-07-12 01:56:13] log.INFO: Msg: DB connection closed [] []
[2024-07-12 01:56:13] log.INFO: SQL execute SQL #0: SQL execute OK! |  [] []
[2024-07-12 01:56:17] log.INFO: Entry: GET: Login [] []
[2024-07-12 01:56:17] log.INFO: Msg: DB connected [] []
[2024-07-12 01:56:17] log.INFO: Msg: DB connection closed [] []
[2024-07-12 01:56:17] log.INFO: SQL execute SQL #0: SQL execute OK! | SQL #1: SQL execute OK! |  [] []
[2024-07-12 01:56:17] log.INFO: Entry: purchases: get header [] []
[2024-07-12 01:56:17] log.INFO: Msg: DB connected [] []
[2024-07-12 01:56:17] log.INFO: Msg: DB connection closed [] []
[2024-07-12 01:56:17] log.INFO: SQL execute SQL #0: SQL execute OK! | SQL #1: SQL execute OK! | SQL #2: SQL execute OK! |  [] []
[2024-07-12 01:56:17] log.INFO: Entry: Employee: Get employee info by emp_code [] []
[2024-07-12 01:56:17] log.INFO: Msg: DB connection closed [] []
[2024-07-12 01:56:17] log.INFO: SQL execute SQL #0: SQL execute OK! |  [] []
[2024-07-12 01:56:17] log.INFO: Entry: Employee: Get Roles [] []
[2024-07-12 01:56:17] log.INFO: Msg: DB connection closed [] []
[2024-07-12 01:56:17] log.INFO: SQL execute SQL #0: SQL execute OK! |  [] []
[2024-07-12 01:56:17] log.INFO: Entry: shops: get all shops information [] []
[2024-07-12 01:56:17] log.INFO: Msg: DB connected [] []
[2024-07-12 01:56:17] log.INFO: Msg: DB connection closed [] []
[2024-07-12 01:56:17] log.INFO: SQL execute SQL #0: SQL execute OK! |  [] []
[2024-07-12 01:56:23] log.INFO: Entry: GET: Login [] []
[2024-07-12 01:56:23] log.INFO: Msg: DB connected [] []
[2024-07-12 01:56:23] log.INFO: Msg: DB connection closed [] []
[2024-07-12 01:56:23] log.INFO: SQL execute SQL #0: SQL execute OK! | SQL #1: SQL execute OK! |  [] []
[2024-07-12 01:56:23] log.INFO: Entry: purchases: get header [] []
[2024-07-12 01:56:23] log.INFO: Msg: DB connected [] []
[2024-07-12 01:56:23] log.INFO: Msg: DB connection closed [] []
[2024-07-12 01:56:23] log.INFO: SQL execute SQL #0: SQL execute OK! | SQL #1: SQL execute OK! | SQL #2: SQL execute OK! |  [] []
[2024-07-12 01:56:23] log.INFO: Entry: Employee: Patch employee [] []
[2024-07-12 01:56:23] log.INFO: Msg: DB connection closed [] []
[2024-07-12 01:56:23] log.INFO: SQL execute SQL #0: SQL execute OK! |  [] []
[2024-07-12 01:56:25] log.INFO: Entry: GET: Login [] []
[2024-07-12 01:56:25] log.INFO: Msg: DB connected [] []
[2024-07-12 01:56:25] log.INFO: Msg: DB connection closed [] []
[2024-07-12 01:56:25] log.INFO: SQL execute SQL #0: SQL execute OK! | SQL #1: SQL execute OK! |  [] []
[2024-07-12 01:56:25] log.INFO: Entry: purchases: get header [] []
[2024-07-12 01:56:25] log.INFO: Msg: DB connected [] []
[2024-07-12 01:56:25] log.INFO: Msg: DB connection closed [] []
[2024-07-12 01:56:25] log.INFO: SQL execute SQL #0: SQL execute OK! | SQL #1: SQL execute OK! | SQL #2: SQL execute OK! |  [] []
[2024-07-12 01:56:25] log.INFO: Entry: employees: get all employee [] []
[2024-07-12 01:56:25] log.INFO: Msg: DB connection closed [] []
[2024-07-12 01:56:25] log.INFO: SQL execute SQL #0: SQL execute OK! |  [] []
[2024-07-12 01:56:25] log.INFO: Entry: Employee: Get Roles [] []
[2024-07-12 01:56:25] log.INFO: Msg: DB connection closed [] []
[2024-07-12 01:56:25] log.INFO: SQL execute SQL #0: SQL execute OK! |  [] []
[2024-07-12 01:56:25] log.INFO: Entry: shops: get all shops information [] []
[2024-07-12 01:56:25] log.INFO: Msg: DB connected [] []
[2024-07-12 01:56:25] log.INFO: Msg: DB connection closed [] []
[2024-07-12 01:56:25] log.INFO: SQL execute SQL #0: SQL execute OK! |  [] []
[2024-07-12 01:56:29] log.INFO: Entry: shops: get all shops information [] []
[2024-07-12 01:56:29] log.INFO: Msg: DB connected [] []
[2024-07-12 01:56:29] log.INFO: Msg: DB connection closed [] []
[2024-07-12 01:56:29] log.INFO: SQL execute SQL #0: SQL execute OK! |  [] []
[2024-07-12 01:56:36] log.INFO: Entry: POST: Login [] []
[2024-07-12 01:56:36] log.INFO: Msg: DB connected [] []
[2024-07-12 01:56:36] log.INFO: Msg: time expire [] []
[2024-07-12 01:56:36] log.INFO: UPDATE `t_login` SET `status` = 'OUT', `modify_date` = '2024-07-12 01:56:36' WHERE `username` = 'iamadmin' AND `shop_code` = 'HQ02' AND `status` = 'in'; [] []
[2024-07-12 01:56:36] log.INFO: INSERT INTO `t_login` ( `username`, `shop_code`, `token`, `status`, `create_date` ) VALUES ( 'iamadmin', 'HQ02', '9bfb573167642ee46a86fd9e20089669',  'IN', '2024-07-12 01:56:36' ); [] []
[2024-07-12 01:56:36] log.INFO: UPDATE `t_employee` SET `last_login` = '2024-07-12 01:56:36' , `last_token` = '9bfb573167642ee46a86fd9e20089669' WHERE `employee_code` = '1234567'; [] []
[2024-07-12 01:56:36] log.INFO: Msg: DB connection closed [] []
[2024-07-12 01:56:36] log.INFO: SQL execute SQL #0: SQL execute OK! | SQL #1: SQL execute OK! | SQL #2: SQL execute OK! | SQL #3: SQL execute OK! |  [] []
[2024-07-12 01:56:36] log.INFO: Entry: GET: Login [] []
[2024-07-12 01:56:36] log.INFO: Msg: DB connected [] []
[2024-07-12 01:56:36] log.INFO: Msg: DB connection closed [] []
[2024-07-12 01:56:36] log.INFO: SQL execute SQL #0: SQL execute OK! | SQL #1: SQL execute OK! |  [] []
[2024-07-12 01:56:36] log.INFO: Entry: invoices: get header [] []
[2024-07-12 01:56:36] log.INFO: Msg: DB connected [] []
[2024-07-12 01:56:36] log.INFO: Msg: DB connection closed [] []
[2024-07-12 01:56:36] log.INFO: SQL execute SQL #0: SQL execute OK! | SQL #1: SQL execute OK! | SQL #2: SQL execute OK! | SQL #3: SQL execute OK! | SQL #4: SQL execute OK! |  [] []
[2024-07-12 01:56:36] log.INFO: Entry: invoices: get count [] []
[2024-07-12 01:56:36] log.INFO: Msg: DB connected [] []
[2024-07-12 01:56:36] log.INFO: Msg: DB connection closed [] []
[2024-07-12 01:56:36] log.INFO: SQL execute SQL #0: SQL execute OK! |  [] []
[2024-07-12 01:56:36] log.INFO: Entry: purchases: get count [] []
[2024-07-12 01:56:36] log.INFO: Msg: DB connected [] []
[2024-07-12 01:56:36] log.INFO: Msg: DB connection closed [] []
[2024-07-12 01:56:36] log.INFO: SQL execute SQL #0: SQL execute OK! |  [] []
[2024-07-12 01:56:41] log.INFO: Entry: shops: get all shops information [] []
[2024-07-12 01:56:41] log.INFO: Msg: DB connected [] []
[2024-07-12 01:56:41] log.INFO: Msg: DB connection closed [] []
[2024-07-12 01:56:41] log.INFO: SQL execute SQL #0: SQL execute OK! |  [] []
[2024-07-12 01:56:52] log.INFO: Entry: POST: Login [] []
[2024-07-12 01:56:52] log.INFO: Msg: DB connected [] []
[2024-07-12 01:56:52] log.INFO: Msg: check time diff [] []
[2024-07-12 01:56:52] log.INFO: Msg: DB connection closed [] []
[2024-07-12 01:56:52] log.INFO: SQL execute SQL #0: SQL execute OK! | SQL #1: SQL execute OK! |  [] []
[2024-07-12 01:56:52] log.INFO: Entry: GET: Login [] []
[2024-07-12 01:56:52] log.INFO: Msg: DB connected [] []
[2024-07-12 01:56:52] log.INFO: Msg: DB connection closed [] []
[2024-07-12 01:56:52] log.INFO: SQL execute SQL #0: SQL execute OK! | SQL #1: SQL execute OK! |  [] []
[2024-07-12 01:56:52] log.INFO: Entry: invoices: get header [] []
[2024-07-12 01:56:52] log.INFO: Msg: DB connected [] []
[2024-07-12 01:56:52] log.INFO: Msg: DB connection closed [] []
[2024-07-12 01:56:52] log.INFO: SQL execute SQL #0: SQL execute OK! | SQL #1: SQL execute OK! | SQL #2: SQL execute OK! | SQL #3: SQL execute OK! | SQL #4: SQL execute OK! |  [] []
[2024-07-12 01:56:52] log.INFO: Entry: invoices: get count [] []
[2024-07-12 01:56:52] log.INFO: Msg: DB connected [] []
[2024-07-12 01:56:52] log.INFO: Msg: DB connection closed [] []
[2024-07-12 01:56:52] log.INFO: SQL execute SQL #0: SQL execute OK! |  [] []
[2024-07-12 01:56:52] log.INFO: Entry: purchases: get count [] []
[2024-07-12 01:56:52] log.INFO: Msg: DB connected [] []
[2024-07-12 01:56:52] log.INFO: Msg: DB connection closed [] []
[2024-07-12 01:56:52] log.INFO: SQL execute SQL #0: SQL execute OK! |  [] []
[2024-07-14 06:00:40] log.INFO: Entry: shops: get all shops information [] []
[2024-07-14 06:00:40] log.INFO: Msg: DB connected [] []
[2024-07-14 06:00:40] log.INFO: Msg: DB connection closed [] []
[2024-07-14 06:00:40] log.INFO: SQL execute SQL #0: SQL execute OK! |  [] []
[2024-07-14 06:00:44] log.INFO: Entry: POST: Login [] []
[2024-07-14 06:00:44] log.INFO: Msg: DB connected [] []
[2024-07-14 06:00:44] log.INFO: Msg: check time diff [] []
[2024-07-14 06:00:44] log.INFO: Msg: DB connection closed [] []
[2024-07-14 06:00:44] log.INFO: SQL execute SQL #0: SQL execute OK! | SQL #1: SQL execute OK! |  [] []
[2024-07-14 06:00:44] log.INFO: Entry: GET: Login [] []
[2024-07-14 06:00:44] log.INFO: Msg: DB connected [] []
[2024-07-14 06:00:44] log.INFO: Msg: DB connection closed [] []
[2024-07-14 06:00:44] log.INFO: SQL execute SQL #0: SQL execute OK! | SQL #1: SQL execute OK! |  [] []
[2024-07-14 06:00:44] log.INFO: Entry: invoices: get header [] []
[2024-07-14 06:00:44] log.INFO: Msg: DB connected [] []
[2024-07-14 06:00:44] log.INFO: Msg: DB connection closed [] []
[2024-07-14 06:00:44] log.INFO: SQL execute SQL #0: SQL execute OK! | SQL #1: SQL execute OK! | SQL #2: SQL execute OK! | SQL #3: SQL execute OK! | SQL #4: SQL execute OK! |  [] []
[2024-07-14 06:00:44] log.INFO: Entry: invoices: get count [] []
[2024-07-14 06:00:44] log.INFO: Msg: DB connected [] []
[2024-07-14 06:00:44] log.INFO: Msg: DB connection closed [] []
[2024-07-14 06:00:44] log.INFO: SQL execute SQL #0: SQL execute OK! |  [] []
[2024-07-14 06:00:44] log.INFO: Entry: purchases: get count [] []
[2024-07-14 06:00:44] log.INFO: Msg: DB connected [] []
[2024-07-14 06:00:44] log.INFO: Msg: DB connection closed [] []
[2024-07-14 06:00:44] log.INFO: SQL execute SQL #0: SQL execute OK! |  [] []
[2024-07-14 06:00:49] log.INFO: Entry: GET: Login [] []
[2024-07-14 06:00:49] log.INFO: Msg: DB connected [] []
[2024-07-14 06:00:49] log.INFO: Msg: DB connection closed [] []
[2024-07-14 06:00:49] log.INFO: SQL execute SQL #0: SQL execute OK! | SQL #1: SQL execute OK! |  [] []
[2024-07-14 06:00:49] log.INFO: Entry: Stocktake: get header [] []
[2024-07-14 06:00:49] log.INFO: Msg: DB connected [] []
[2024-07-14 06:00:49] log.INFO: Msg: DB connection closed [] []
[2024-07-14 06:00:49] log.INFO: SQL execute SQL #0: SQL execute OK! | SQL #1: SQL execute OK! | SQL #2: SQL execute OK! |  [] []
[2024-07-14 06:00:52] log.INFO: Entry: GET: Login [] []
[2024-07-14 06:00:52] log.INFO: Msg: DB connected [] []
[2024-07-14 06:00:52] log.INFO: Msg: DB connection closed [] []
[2024-07-14 06:00:52] log.INFO: SQL execute SQL #0: SQL execute OK! | SQL #1: SQL execute OK! |  [] []
[2024-07-14 06:00:52] log.INFO: Entry: Stocktake: get header [] []
[2024-07-14 06:00:52] log.INFO: Msg: DB connected [] []
[2024-07-14 06:00:52] log.INFO: Msg: DB connection closed [] []
[2024-07-14 06:00:52] log.INFO: SQL execute SQL #0: SQL execute OK! | SQL #1: SQL execute OK! | SQL #2: SQL execute OK! |  [] []
[2024-07-14 06:00:56] log.INFO: Entry: GET: Login [] []
[2024-07-14 06:00:56] log.INFO: Msg: DB connected [] []
[2024-07-14 06:00:56] log.INFO: Msg: DB connection closed [] []
[2024-07-14 06:00:56] log.INFO: SQL execute SQL #0: SQL execute OK! | SQL #1: SQL execute OK! |  [] []
[2024-07-14 06:00:56] log.INFO: Entry: Stocktake: get header [] []
[2024-07-14 06:00:56] log.INFO: Msg: DB connected [] []
[2024-07-14 06:00:56] log.INFO: Msg: DB connection closed [] []
[2024-07-14 06:00:56] log.INFO: SQL execute SQL #0: SQL execute OK! | SQL #1: SQL execute OK! | SQL #2: SQL execute OK! |  [] []
[2024-07-14 06:00:57] log.INFO: Entry: GET: Login [] []
[2024-07-14 06:00:57] log.INFO: Msg: DB connected [] []
[2024-07-14 06:00:57] log.INFO: Msg: DB connection closed [] []
[2024-07-14 06:00:57] log.INFO: SQL execute SQL #0: SQL execute OK! | SQL #1: SQL execute OK! |  [] []
[2024-07-14 06:00:57] log.INFO: Entry: Stocktake: get header [] []
[2024-07-14 06:00:57] log.INFO: Msg: DB connected [] []
[2024-07-14 06:00:57] log.INFO: Msg: DB connection closed [] []
[2024-07-14 06:00:57] log.INFO: SQL execute SQL #0: SQL execute OK! | SQL #1: SQL execute OK! | SQL #2: SQL execute OK! |  [] []
[2024-07-14 06:00:58] log.INFO: Entry: GET: Login [] []
[2024-07-14 06:00:58] log.INFO: Msg: DB connected [] []
[2024-07-14 06:00:58] log.INFO: Msg: DB connection closed [] []
[2024-07-14 06:00:58] log.INFO: SQL execute SQL #0: SQL execute OK! | SQL #1: SQL execute OK! |  [] []
[2024-07-14 06:00:58] log.INFO: Entry: Stocktake: get header [] []
[2024-07-14 06:00:58] log.INFO: Msg: DB connected [] []
[2024-07-14 06:00:58] log.INFO: Msg: DB connection closed [] []
[2024-07-14 06:00:58] log.INFO: SQL execute SQL #0: SQL execute OK! | SQL #1: SQL execute OK! | SQL #2: SQL execute OK! |  [] []
[2024-07-14 06:01:12] log.INFO: Entry: GET: Login [] []
[2024-07-14 06:01:12] log.INFO: Msg: DB connected [] []
[2024-07-14 06:01:12] log.INFO: Msg: DB connection closed [] []
[2024-07-14 06:01:12] log.INFO: SQL execute SQL #0: SQL execute OK! | SQL #1: SQL execute OK! |  [] []
[2024-07-14 06:01:12] log.INFO: Entry: purchases: get header [] []
[2024-07-14 06:01:12] log.INFO: Msg: DB connected [] []
[2024-07-14 06:01:12] log.INFO: Msg: DB connection closed [] []
[2024-07-14 06:01:12] log.INFO: SQL execute SQL #0: SQL execute OK! | SQL #1: SQL execute OK! | SQL #2: SQL execute OK! |  [] []
[2024-07-14 06:01:12] log.INFO: Entry: GET: Customers [] []
[2024-07-14 06:01:12] log.INFO: Msg: DB connected [] []
[2024-07-14 06:01:12] log.INFO: Msg: DB connection closed [] []
[2024-07-14 06:01:12] log.INFO: SQL execute SQL #0: SQL execute OK! |  [] []
[2024-07-14 06:01:12] log.INFO: Entry: paymentmethod: get all paymentmethod [] []
[2024-07-14 06:01:12] log.INFO: Msg: DB connected [] []
[2024-07-14 06:01:12] log.INFO: Msg: DB connection closed [] []
[2024-07-14 06:01:12] log.INFO: SQL execute SQL #0: SQL execute OK! |  [] []
[2024-07-14 06:01:12] log.INFO: Entry: paymentterms: get all paymentterms [] []
[2024-07-14 06:01:12] log.INFO: Msg: DB connected [] []
[2024-07-14 06:01:12] log.INFO: Msg: DB connection closed [] []
[2024-07-14 06:01:12] log.INFO: SQL execute SQL #0: SQL execute OK! |  [] []
[2024-07-14 06:01:15] log.INFO: Entry: GET: Login [] []
[2024-07-14 06:01:15] log.INFO: Msg: DB connected [] []
[2024-07-14 06:01:15] log.INFO: Msg: DB connection closed [] []
[2024-07-14 06:01:15] log.INFO: SQL execute SQL #0: SQL execute OK! | SQL #1: SQL execute OK! |  [] []
[2024-07-14 06:01:15] log.INFO: Entry: purchases: get header [] []
[2024-07-14 06:01:15] log.INFO: Msg: DB connected [] []
[2024-07-14 06:01:15] log.INFO: Msg: DB connection closed [] []
[2024-07-14 06:01:15] log.INFO: SQL execute SQL #0: SQL execute OK! | SQL #1: SQL execute OK! | SQL #2: SQL execute OK! |  [] []
[2024-07-14 06:01:15] log.INFO: Entry: invoices: check custommer by cust_code has transaction_h exist [] []
[2024-07-14 06:01:15] log.INFO: Msg: DB connected [] []
[2024-07-14 06:01:15] log.INFO: Msg: DB connection closed [] []
[2024-07-14 06:01:15] log.INFO: SQL execute SQL #0: SQL execute OK! |  [] []
[2024-07-14 06:01:16] log.INFO: Entry: GET: Login [] []
[2024-07-14 06:01:16] log.INFO: Msg: DB connected [] []
[2024-07-14 06:01:16] log.INFO: Msg: DB connection closed [] []
[2024-07-14 06:01:16] log.INFO: SQL execute SQL #0: SQL execute OK! | SQL #1: SQL execute OK! |  [] []
[2024-07-14 06:01:16] log.INFO: Entry: purchases: get header [] []
[2024-07-14 06:01:16] log.INFO: Msg: DB connected [] []
[2024-07-14 06:01:16] log.INFO: Msg: DB connection closed [] []
[2024-07-14 06:01:16] log.INFO: SQL execute SQL #0: SQL execute OK! | SQL #1: SQL execute OK! | SQL #2: SQL execute OK! |  [] []
[2024-07-14 06:01:16] log.INFO: Entry: GET: Customers [] []
[2024-07-14 06:01:16] log.INFO: Msg: DB connected [] []
[2024-07-14 06:01:16] log.INFO: Msg: DB connection closed [] []
[2024-07-14 06:01:16] log.INFO: SQL execute SQL #0: SQL execute OK! |  [] []
[2024-07-14 06:01:16] log.INFO: Entry: paymentmethod: get all paymentmethod [] []
[2024-07-14 06:01:16] log.INFO: Msg: DB connected [] []
[2024-07-14 06:01:16] log.INFO: Msg: DB connection closed [] []
[2024-07-14 06:01:16] log.INFO: SQL execute SQL #0: SQL execute OK! |  [] []
[2024-07-14 06:01:16] log.INFO: Entry: paymentterms: get all paymentterms [] []
[2024-07-14 06:01:16] log.INFO: Msg: DB connected [] []
[2024-07-14 06:01:16] log.INFO: Msg: DB connection closed [] []
[2024-07-14 06:01:16] log.INFO: SQL execute SQL #0: SQL execute OK! |  [] []
[2024-07-14 06:01:18] log.INFO: Entry: GET: Login [] []
[2024-07-14 06:01:18] log.INFO: Msg: DB connected [] []
[2024-07-14 06:01:18] log.INFO: Msg: DB connection closed [] []
[2024-07-14 06:01:18] log.INFO: SQL execute SQL #0: SQL execute OK! | SQL #1: SQL execute OK! |  [] []
[2024-07-14 06:01:18] log.INFO: Entry: purchases: get header [] []
[2024-07-14 06:01:18] log.INFO: Msg: DB connected [] []
[2024-07-14 06:01:18] log.INFO: Msg: DB connection closed [] []
[2024-07-14 06:01:18] log.INFO: SQL execute SQL #0: SQL execute OK! | SQL #1: SQL execute OK! | SQL #2: SQL execute OK! |  [] []
[2024-07-14 06:01:18] log.INFO: Entry: invoices: check custommer by cust_code has transaction_h exist [] []
[2024-07-14 06:01:18] log.INFO: Msg: DB connected [] []
[2024-07-14 06:01:18] log.INFO: Msg: DB connection closed [] []
[2024-07-14 06:01:18] log.INFO: SQL execute SQL #0: SQL execute OK! |  [] []
[2024-07-14 06:01:20] log.INFO: Entry: GET: Login [] []
[2024-07-14 06:01:20] log.INFO: Msg: DB connected [] []
[2024-07-14 06:01:20] log.INFO: Msg: DB connection closed [] []
[2024-07-14 06:01:20] log.INFO: SQL execute SQL #0: SQL execute OK! | SQL #1: SQL execute OK! |  [] []
[2024-07-14 06:01:20] log.INFO: Entry: purchases: get header [] []
[2024-07-14 06:01:20] log.INFO: Msg: DB connected [] []
[2024-07-14 06:01:20] log.INFO: Msg: DB connection closed [] []
[2024-07-14 06:01:20] log.INFO: SQL execute SQL #0: SQL execute OK! | SQL #1: SQL execute OK! | SQL #2: SQL execute OK! |  [] []
[2024-07-14 06:01:20] log.INFO: Entry: GET: Customers [] []
[2024-07-14 06:01:20] log.INFO: Msg: DB connected [] []
[2024-07-14 06:01:20] log.INFO: Msg: DB connection closed [] []
[2024-07-14 06:01:20] log.INFO: SQL execute SQL #0: SQL execute OK! |  [] []
[2024-07-14 06:01:20] log.INFO: Entry: paymentmethod: get all paymentmethod [] []
[2024-07-14 06:01:20] log.INFO: Msg: DB connected [] []
[2024-07-14 06:01:20] log.INFO: Msg: DB connection closed [] []
[2024-07-14 06:01:20] log.INFO: SQL execute SQL #0: SQL execute OK! |  [] []
[2024-07-14 06:01:20] log.INFO: Entry: paymentterms: get all paymentterms [] []
[2024-07-14 06:01:20] log.INFO: Msg: DB connected [] []
[2024-07-14 06:01:20] log.INFO: Msg: DB connection closed [] []
[2024-07-14 06:01:20] log.INFO: SQL execute SQL #0: SQL execute OK! |  [] []
[2024-07-14 06:43:27] log.INFO: Entry: GET: Login [] []
[2024-07-14 06:43:27] log.INFO: Msg: DB connected [] []
[2024-07-14 06:43:27] log.INFO: Msg: DB connection closed [] []
[2024-07-14 06:43:27] log.INFO: SQL execute SQL #0: SQL execute OK! | SQL #1: SQL execute OK! |  [] []
[2024-07-14 06:43:27] log.INFO: Entry: purchases: get header [] []
[2024-07-14 06:43:27] log.INFO: Msg: DB connected [] []
[2024-07-14 06:43:27] log.INFO: Msg: DB connection closed [] []
[2024-07-14 06:43:27] log.INFO: SQL execute SQL #0: SQL execute OK! | SQL #1: SQL execute OK! | SQL #2: SQL execute OK! |  [] []
[2024-07-14 06:43:27] log.INFO: Entry: POST: Customers [] []
[2024-07-14 06:43:27] log.INFO: Msg: DB connected [] []
[2024-07-14 06:43:27] log.INFO: Msg: DB commit [] []
[2024-07-14 06:43:27] log.INFO: Msg: DB connection closed [] []
[2024-07-14 06:43:27] log.INFO: SQL execute SQL #0: SQL execute OK! | SQL #1: SQL execute OK! | SQL #2: SQL execute OK! |  [] []
[2024-07-14 06:43:28] log.INFO: Entry: GET: Login [] []
[2024-07-14 06:43:28] log.INFO: Msg: DB connected [] []
[2024-07-14 06:43:28] log.INFO: Msg: DB connection closed [] []
[2024-07-14 06:43:28] log.INFO: SQL execute SQL #0: SQL execute OK! | SQL #1: SQL execute OK! |  [] []
[2024-07-14 06:43:28] log.INFO: Entry: purchases: get header [] []
[2024-07-14 06:43:28] log.INFO: Msg: DB connected [] []
[2024-07-14 06:43:28] log.INFO: Msg: DB connection closed [] []
[2024-07-14 06:43:28] log.INFO: SQL execute SQL #0: SQL execute OK! | SQL #1: SQL execute OK! | SQL #2: SQL execute OK! |  [] []
[2024-07-14 06:43:28] log.INFO: Entry: GET: Customers [] []
[2024-07-14 06:43:28] log.INFO: Msg: DB connected [] []
[2024-07-14 06:43:28] log.INFO: Msg: DB connection closed [] []
[2024-07-14 06:43:28] log.INFO: SQL execute SQL #0: SQL execute OK! |  [] []
[2024-07-14 06:43:28] log.INFO: Entry: paymentmethod: get all paymentmethod [] []
[2024-07-14 06:43:28] log.INFO: Msg: DB connected [] []
[2024-07-14 06:43:28] log.INFO: Msg: DB connection closed [] []
[2024-07-14 06:43:28] log.INFO: SQL execute SQL #0: SQL execute OK! |  [] []
[2024-07-14 06:43:28] log.INFO: Entry: paymentterms: get all paymentterms [] []
[2024-07-14 06:43:28] log.INFO: Msg: DB connected [] []
[2024-07-14 06:43:28] log.INFO: Msg: DB connection closed [] []
[2024-07-14 06:43:28] log.INFO: SQL execute SQL #0: SQL execute OK! |  [] []
[2024-07-14 06:43:31] log.INFO: Entry: GET: Login [] []
[2024-07-14 06:43:31] log.INFO: Msg: DB connected [] []
[2024-07-14 06:43:31] log.INFO: Msg: DB connection closed [] []
[2024-07-14 06:43:31] log.INFO: SQL execute SQL #0: SQL execute OK! | SQL #1: SQL execute OK! |  [] []
[2024-07-14 06:43:32] log.INFO: Entry: purchases: get header [] []
[2024-07-14 06:43:32] log.INFO: Msg: DB connected [] []
[2024-07-14 06:43:32] log.INFO: Msg: DB connection closed [] []
[2024-07-14 06:43:32] log.INFO: SQL execute SQL #0: SQL execute OK! | SQL #1: SQL execute OK! | SQL #2: SQL execute OK! |  [] []
[2024-07-14 06:43:32] log.INFO: Entry: invoices: check custommer by cust_code has transaction_h exist [] []
[2024-07-14 06:43:32] log.INFO: Msg: DB connected [] []
[2024-07-14 06:43:32] log.INFO: Msg: DB connection closed [] []
[2024-07-14 06:43:32] log.INFO: SQL execute SQL #0: SQL execute OK! |  [] []
[2024-07-14 06:43:33] log.INFO: Entry: GET: Login [] []
[2024-07-14 06:43:33] log.INFO: Msg: DB connected [] []
[2024-07-14 06:43:33] log.INFO: Msg: DB connection closed [] []
[2024-07-14 06:43:33] log.INFO: SQL execute SQL #0: SQL execute OK! | SQL #1: SQL execute OK! |  [] []
[2024-07-14 06:43:33] log.INFO: Entry: purchases: get header [] []
[2024-07-14 06:43:33] log.INFO: Msg: DB connected [] []
[2024-07-14 06:43:33] log.INFO: Msg: DB connection closed [] []
[2024-07-14 06:43:33] log.INFO: SQL execute SQL #0: SQL execute OK! | SQL #1: SQL execute OK! | SQL #2: SQL execute OK! |  [] []
[2024-07-14 06:43:33] log.INFO: Entry: PATCH: Customers [] []
[2024-07-14 06:43:33] log.INFO: Msg: DB connected [] []
[2024-07-14 06:43:33] log.INFO: Msg: DB connection closed [] []
[2024-07-14 06:43:33] log.INFO: SQL execute SQL #0: SQL execute OK! | SQL #1: SQL execute OK! |  [] []
[2024-07-14 06:43:34] log.INFO: Entry: GET: Login [] []
[2024-07-14 06:43:34] log.INFO: Msg: DB connected [] []
[2024-07-14 06:43:34] log.INFO: Msg: DB connection closed [] []
[2024-07-14 06:43:34] log.INFO: SQL execute SQL #0: SQL execute OK! | SQL #1: SQL execute OK! |  [] []
[2024-07-14 06:43:34] log.INFO: Entry: purchases: get header [] []
[2024-07-14 06:43:34] log.INFO: Msg: DB connected [] []
[2024-07-14 06:43:34] log.INFO: Msg: DB connection closed [] []
[2024-07-14 06:43:34] log.INFO: SQL execute SQL #0: SQL execute OK! | SQL #1: SQL execute OK! | SQL #2: SQL execute OK! |  [] []
[2024-07-14 06:43:34] log.INFO: Entry: GET: Customers [] []
[2024-07-14 06:43:34] log.INFO: Msg: DB connected [] []
[2024-07-14 06:43:34] log.INFO: Msg: DB connection closed [] []
[2024-07-14 06:43:34] log.INFO: SQL execute SQL #0: SQL execute OK! |  [] []
[2024-07-14 06:43:34] log.INFO: Entry: paymentmethod: get all paymentmethod [] []
[2024-07-14 06:43:34] log.INFO: Msg: DB connected [] []
[2024-07-14 06:43:34] log.INFO: Msg: DB connection closed [] []
[2024-07-14 06:43:34] log.INFO: SQL execute SQL #0: SQL execute OK! |  [] []
[2024-07-14 06:43:34] log.INFO: Entry: paymentterms: get all paymentterms [] []
[2024-07-14 06:43:34] log.INFO: Msg: DB connected [] []
[2024-07-14 06:43:34] log.INFO: Msg: DB connection closed [] []
[2024-07-14 06:43:34] log.INFO: SQL execute SQL #0: SQL execute OK! |  [] []
[2024-07-14 06:43:47] log.INFO: Entry: GET: Login [] []
[2024-07-14 06:43:47] log.INFO: Msg: DB connected [] []
[2024-07-14 06:43:47] log.INFO: Msg: DB connection closed [] []
[2024-07-14 06:43:47] log.INFO: SQL execute SQL #0: SQL execute OK! | SQL #1: SQL execute OK! |  [] []
[2024-07-14 06:43:48] log.INFO: Entry: purchases: get header [] []
[2024-07-14 06:43:48] log.INFO: Msg: DB connected [] []
[2024-07-14 06:43:48] log.INFO: Msg: DB connection closed [] []
[2024-07-14 06:43:48] log.INFO: SQL execute SQL #0: SQL execute OK! | SQL #1: SQL execute OK! | SQL #2: SQL execute OK! |  [] []
[2024-07-14 06:43:48] log.INFO: Entry: POST: Customers [] []
[2024-07-14 06:43:48] log.INFO: Msg: DB connected [] []
[2024-07-14 06:43:48] log.INFO: Msg: DB commit [] []
[2024-07-14 06:43:48] log.INFO: Msg: DB connection closed [] []
[2024-07-14 06:43:48] log.INFO: SQL execute SQL #0: SQL execute OK! | SQL #1: SQL execute OK! | SQL #2: SQL execute OK! |  [] []
[2024-07-14 06:45:15] log.INFO: Entry: GET: Login [] []
[2024-07-14 06:45:15] log.INFO: Msg: DB connected [] []
[2024-07-14 06:45:15] log.INFO: Msg: DB connection closed [] []
[2024-07-14 06:45:15] log.INFO: SQL execute SQL #0: SQL execute OK! | SQL #1: SQL execute OK! |  [] []
[2024-07-14 06:45:15] log.INFO: Entry: purchases: get header [] []
[2024-07-14 06:45:15] log.INFO: Msg: DB connected [] []
[2024-07-14 06:45:15] log.INFO: Msg: DB connection closed [] []
[2024-07-14 06:45:15] log.INFO: SQL execute SQL #0: SQL execute OK! | SQL #1: SQL execute OK! | SQL #2: SQL execute OK! |  [] []
[2024-07-14 06:45:15] log.INFO: Entry: GET: Customers [] []
[2024-07-14 06:45:15] log.INFO: Msg: DB connected [] []
[2024-07-14 06:45:15] log.INFO: Msg: DB connection closed [] []
[2024-07-14 06:45:15] log.INFO: SQL execute SQL #0: SQL execute OK! |  [] []
[2024-07-14 06:45:15] log.INFO: Entry: paymentmethod: get all paymentmethod [] []
[2024-07-14 06:45:15] log.INFO: Msg: DB connected [] []
[2024-07-14 06:45:15] log.INFO: Msg: DB connection closed [] []
[2024-07-14 06:45:15] log.INFO: SQL execute SQL #0: SQL execute OK! |  [] []
[2024-07-14 06:45:15] log.INFO: Entry: paymentterms: get all paymentterms [] []
[2024-07-14 06:45:15] log.INFO: Msg: DB connected [] []
[2024-07-14 06:45:15] log.INFO: Msg: DB connection closed [] []
[2024-07-14 06:45:15] log.INFO: SQL execute SQL #0: SQL execute OK! |  [] []
