[2022-07-19 04:03:40] log.INFO: Entry: GET: Login [] []
[2022-07-19 04:03:40] log.INFO: Msg: DB connected [] []
[2022-07-19 04:03:40] log.INFO: Msg: DB connection closed [] []
[2022-07-19 04:03:40] log.INFO: SQL execute SQL #0: SQL execute OK! | SQL #1: SQL execute OK! |  [] []
[2022-07-19 04:03:40] log.INFO: Entry: purchases: get header [] []
[2022-07-19 04:03:40] log.INFO: Msg: DB connected [] []
[2022-07-19 04:03:40] log.INFO: Msg: DB connection closed [] []
[2022-07-19 04:03:40] log.INFO: SQL execute SQL #0: SQL execute OK! | SQL #1: SQL execute OK! | SQL #2: SQL execute OK! |  [] []
[2022-07-19 04:03:40] log.INFO: Entry: purchases: get all purchases [] []
[2022-07-19 04:03:40] log.INFO: Msg: DB connected [] []
[2022-07-19 04:03:40] log.INFO: Msg: DB connection closed [] []
[2022-07-19 04:03:40] log.INFO: SQL execute SQL #0: SQL execute OK! |  [] []


[2022-07-19 04:04:19] log.INFO: Entry: GET: Login [] []
[2022-07-19 04:04:19] log.INFO: Msg: DB connected [] []
[2022-07-19 04:04:19] log.INFO: Msg: DB connection closed [] []
[2022-07-19 04:04:19] log.INFO: SQL execute SQL #0: SQL execute OK! | SQL #1: SQL execute OK! |  [] []
[2022-07-19 04:04:19] log.INFO: Entry: purchases: get header [] []
[2022-07-19 04:04:19] log.INFO: Msg: DB connected [] []
[2022-07-19 04:04:19] log.INFO: Msg: DB connection closed [] []
[2022-07-19 04:04:19] log.INFO: SQL execute SQL #0: SQL execute OK! | SQL #1: SQL execute OK! | SQL #2: SQL execute OK! |  [] []
[2022-07-19 04:04:19] log.INFO: Entry: purchases: get all purchases [] []
[2022-07-19 04:04:19] log.INFO: Msg: DB connected [] []
[2022-07-19 04:04:19] log.INFO: Msg: DB connection closed [] []
[2022-07-19 04:04:19] log.INFO: SQL execute SQL #0: SQL execute OK! |  [] []



[2022-07-19 04:05:10] log.INFO: Entry: GET: Login [] []
[2022-07-19 04:05:10] log.INFO: Msg: DB connected [] []
[2022-07-19 04:05:10] log.INFO: Msg: DB connection closed [] []
[2022-07-19 04:05:10] log.INFO: SQL execute SQL #0: SQL execute OK! | SQL #1: SQL execute OK! |  [] []
[2022-07-19 04:05:10] log.INFO: Entry: purchases: get header [] []
[2022-07-19 04:05:10] log.INFO: Msg: DB connected [] []
[2022-07-19 04:05:10] log.INFO: Msg: DB connection closed [] []
[2022-07-19 04:05:10] log.INFO: SQL execute SQL #0: SQL execute OK! | SQL #1: SQL execute OK! | SQL #2: SQL execute OK! |  [] []
[2022-07-19 04:05:10] log.INFO: Entry: purchases: get purchases by trans_code [] []
[2022-07-19 04:05:10] log.INFO: Msg: DB connected [] []
[2022-07-19 04:05:10] log.INFO: Msg: DB connection closed [] []
[2022-07-19 04:05:10] log.INFO: SQL execute SQL #0: SQL execute OK! | SQL #1: SQL execute OK! | SQL #2: SQL execute OK! | SQL #3: SQL execute OK! |  [] []
[2022-07-19 04:05:10] log.INFO: Entry: master: /api/v1/systems/master/ [] []
[2022-07-19 04:05:10] log.INFO: Msg: DB connected [] []
[2022-07-19 04:05:10] log.INFO: Msg: DB connection closed [] []
[2022-07-19 04:05:10] log.INFO: SQL execute SQL #0: SQL execute OK! | SQL #1: SQL execute OK! | SQL #2: SQL execute OK! | SQL #3: SQL execute OK! | SQL #4: SQL execute OK! |  [] []



[2022-07-19 04:05:28] log.INFO: Entry: GET: Login [] []
[2022-07-19 04:05:28] log.INFO: Msg: DB connected [] []
[2022-07-19 04:05:28] log.INFO: Msg: DB connection closed [] []
[2022-07-19 04:05:28] log.INFO: SQL execute SQL #0: SQL execute OK! | SQL #1: SQL execute OK! |  [] []
[2022-07-19 04:05:28] log.INFO: Entry: purchases: get header [] []
[2022-07-19 04:05:28] log.INFO: Msg: DB connected [] []
[2022-07-19 04:05:28] log.INFO: Msg: DB connection closed [] []
[2022-07-19 04:05:28] log.INFO: SQL execute SQL #0: SQL execute OK! | SQL #1: SQL execute OK! | SQL #2: SQL execute OK! |  [] []
[2022-07-19 04:05:28] log.INFO: Entry: purchases: get all purchases [] []
[2022-07-19 04:05:28] log.INFO: Msg: DB connected [] []
[2022-07-19 04:05:28] log.INFO: Msg: DB connection closed [] []
[2022-07-19 04:05:28] log.INFO: SQL execute SQL #0: SQL execute OK! |  [] []


[2022-07-19 04:06:37] log.INFO: Entry: purchases: getnextnum [] []
[2022-07-19 04:06:37] log.INFO: Msg: DB connected [] []
[2022-07-19 04:06:37] log.INFO: Msg: DB connection closed [] []
[2022-07-19 04:06:37] log.INFO: SQL execute SQL #0: SQL execute OK! | SQL #1: SQL execute OK! | SQL #2: SQL execute OK! |  [] []
[2022-07-19 04:06:38] log.INFO: Entry: GET: Login [] []
[2022-07-19 04:06:38] log.INFO: Msg: DB connected [] []
[2022-07-19 04:06:38] log.INFO: Msg: DB connection closed [] []
[2022-07-19 04:06:38] log.INFO: SQL execute SQL #0: SQL execute OK! | SQL #1: SQL execute OK! |  [] []
[2022-07-19 04:06:38] log.INFO: Entry: purchases: get header [] []
[2022-07-19 04:06:38] log.INFO: Msg: DB connected [] []
[2022-07-19 04:06:38] log.INFO: Msg: DB connection closed [] []
[2022-07-19 04:06:38] log.INFO: SQL execute SQL #0: SQL execute OK! | SQL #1: SQL execute OK! | SQL #2: SQL execute OK! |  [] []
[2022-07-19 04:06:38] log.INFO: Entry: master: /api/v1/systems/master/ [] []
[2022-07-19 04:06:38] log.INFO: Msg: DB connected [] []
[2022-07-19 04:06:38] log.INFO: Msg: DB connection closed [] []
[2022-07-19 04:06:38] log.INFO: SQL execute SQL #0: SQL execute OK! | SQL #1: SQL execute OK! | SQL #2: SQL execute OK! | SQL #3: SQL execute OK! | SQL #4: SQL execute OK! |  [] []






[2022-07-19 04:35:01] log.INFO: Entry: GET: Login [] []
[2022-07-19 04:35:01] log.INFO: Msg: DB connected [] []
[2022-07-19 04:35:01] log.INFO: Msg: DB connection closed [] []
[2022-07-19 04:35:01] log.INFO: SQL execute SQL #0: SQL execute OK! | SQL #1: SQL execute OK! |  [] []
[2022-07-19 04:35:01] log.INFO: Entry: purchases: get header [] []
[2022-07-19 04:35:01] log.INFO: Msg: DB connected [] []
[2022-07-19 04:35:01] log.INFO: Msg: DB connection closed [] []
[2022-07-19 04:35:01] log.INFO: SQL execute SQL #0: SQL execute OK! | SQL #1: SQL execute OK! | SQL #2: SQL execute OK! |  [] []


[2022-07-19 04:35:19] log.INFO: Entry: GET: Login [] []
[2022-07-19 04:35:19] log.INFO: Msg: DB connected [] []
[2022-07-19 04:35:20] log.INFO: Msg: DB connection closed [] []
[2022-07-19 04:35:20] log.INFO: SQL execute SQL #0: SQL execute OK! | SQL #1: SQL execute OK! |  [] []
[2022-07-19 04:35:20] log.INFO: Entry: purchases: get header [] []
[2022-07-19 04:35:20] log.INFO: Msg: DB connected [] []
[2022-07-19 04:35:20] log.INFO: Msg: DB connection closed [] []
[2022-07-19 04:35:20] log.INFO: SQL execute SQL #0: SQL execute OK! | SQL #1: SQL execute OK! | SQL #2: SQL execute OK! |  [] []
[2022-07-19 04:35:20] log.INFO: Entry: POST: purchases [] []
[2022-07-19 04:35:20] log.INFO: Msg: DB connected [] []
[2022-07-19 04:35:20] log.INFO: Msg: DB commit [] []
[2022-07-19 04:35:20] log.INFO: Msg: DB connection closed [] []
[2022-07-19 04:35:20] log.INFO: SQL execute SQL #0: SQL execute OK! | SQL #1: SQL execute OK! | SQL #2: SQL execute OK! |  [] []
[2022-07-19 04:35:20] log.INFO: Entry: Delete: Transaction Discard Function [] []
[2022-07-19 04:35:20] log.INFO: Msg: DB connected [] []
[2022-07-19 04:35:20] log.INFO: Msg: DB commit [] []
[2022-07-19 04:35:20] log.INFO: Msg: DB connection closed [] []
[2022-07-19 04:35:20] log.INFO: SQL execute SQL #0: SQL execute OK! |  [] []
[2022-07-19 04:35:20] log.INFO: Entry: GET: Login [] []
[2022-07-19 04:35:20] log.INFO: Msg: DB connected [] []
[2022-07-19 04:35:20] log.INFO: Msg: DB connection closed [] []
[2022-07-19 04:35:20] log.INFO: SQL execute SQL #0: SQL execute OK! | SQL #1: SQL execute OK! |  [] []
[2022-07-19 04:35:20] log.INFO: Entry: purchases: get header [] []
[2022-07-19 04:35:20] log.INFO: Msg: DB connected [] []
[2022-07-19 04:35:20] log.INFO: Msg: DB connection closed [] []
[2022-07-19 04:35:20] log.INFO: SQL execute SQL #0: SQL execute OK! | SQL #1: SQL execute OK! | SQL #2: SQL execute OK! |  [] []
[2022-07-19 04:35:20] log.INFO: Entry: purchases: get all purchases [] []
[2022-07-19 04:35:20] log.INFO: Msg: DB connected [] []
[2022-07-19 04:35:20] log.INFO: Msg: DB connection closed [] []
[2022-07-19 04:35:20] log.INFO: SQL execute SQL #0: SQL execute OK! |  [] []
